<?xml version="1.0" encoding="UTF-8"?>
<testsuite name="me.shinsunyoung.springbootdeveloper.controller.TokenApiControllerTest" tests="2" skipped="0" failures="0" errors="0" timestamp="2024-05-03T06:17:38" hostname="DESKTOP-EISENNR" time="0.26">
  <properties/>
  <testcase name="createNewAccessToken: 새로운 액세스 토큰을 발급받는다." classname="me.shinsunyoung.springbootdeveloper.controller.TokenApiControllerTest" time="0.186"/>
  <testcase name="deleteRefreshToken: 리프레시 토큰을 삭제한다." classname="me.shinsunyoung.springbootdeveloper.controller.TokenApiControllerTest" time="0.069"/>
  <system-out><![CDATA[2024-05-03T15:17:38.063+09:00  INFO 20840 --- [    Test worker] t.c.s.AnnotationConfigContextLoaderUtils : Could not detect default configuration classes for test class [me.shinsunyoung.springbootdeveloper.controller.TokenApiControllerTest]: TokenApiControllerTest does not declare any static, non-private, non-final, nested classes annotated with @Configuration.
2024-05-03T15:17:38.082+09:00  INFO 20840 --- [    Test worker] .b.t.c.SpringBootTestContextBootstrapper : Found @SpringBootConfiguration me.shinsunyoung.SpringBootDeveloperApplication for test class me.shinsunyoung.springbootdeveloper.controller.TokenApiControllerTest
2024-05-03T15:17:38.134+09:00  INFO 20840 --- [    Test worker] o.s.b.t.m.w.SpringBootMockServletContext : Initializing Spring TestDispatcherServlet ''
2024-05-03T15:17:38.135+09:00  INFO 20840 --- [    Test worker] o.s.t.web.servlet.TestDispatcherServlet  : Initializing Servlet ''
2024-05-03T15:17:38.141+09:00  INFO 20840 --- [    Test worker] o.s.t.web.servlet.TestDispatcherServlet  : Completed initialization in 5 ms
Hibernate: 
    select
        u1_0.id,
        u1_0.email,
        u1_0.nickname,
        u1_0.password 
    from
        users u1_0
Hibernate: 
    delete 
    from
        users 
    where
        id=?
Hibernate: 
    insert 
    into
        users
        (email, nickname, password, id) 
    values
        (?, ?, ?, default)
Hibernate: 
    insert 
    into
        refresh_token
        (refresh_token, user_id, id) 
    values
        (?, ?, default)
Hibernate: 
    select
        rt1_0.id,
        rt1_0.refresh_token,
        rt1_0.user_id 
    from
        refresh_token rt1_0 
    where
        rt1_0.refresh_token=?
Hibernate: 
    select
        u1_0.id,
        u1_0.email,
        u1_0.nickname,
        u1_0.password 
    from
        users u1_0 
    where
        u1_0.id=?
2024-05-03T15:17:38.297+09:00  INFO 20840 --- [    Test worker] o.s.b.t.m.w.SpringBootMockServletContext : Initializing Spring TestDispatcherServlet ''
2024-05-03T15:17:38.297+09:00  INFO 20840 --- [    Test worker] o.s.t.web.servlet.TestDispatcherServlet  : Initializing Servlet ''
2024-05-03T15:17:38.301+09:00  INFO 20840 --- [    Test worker] o.s.t.web.servlet.TestDispatcherServlet  : Completed initialization in 3 ms
Hibernate: 
    select
        u1_0.id,
        u1_0.email,
        u1_0.nickname,
        u1_0.password 
    from
        users u1_0
Hibernate: 
    delete 
    from
        users 
    where
        id=?
Hibernate: 
    insert 
    into
        users
        (email, nickname, password, id) 
    values
        (?, ?, ?, default)
Hibernate: 
    insert 
    into
        refresh_token
        (refresh_token, user_id, id) 
    values
        (?, ?, default)
Hibernate: 
    select
        rt1_0.id,
        rt1_0.refresh_token,
        rt1_0.user_id 
    from
        refresh_token rt1_0 
    where
        rt1_0.refresh_token=?
Hibernate: 
    delete 
    from
        refresh_token 
    where
        id=?
]]></system-out>
  <system-err><![CDATA[]]></system-err>
</testsuite>
